<?xml version="1.0" encoding="UTF-8"?>
<testsuites name="A001" time="62.781" tests="5" failures="0" errors="0">
   <testsuite name="A001" tests="5" failures="0" errors="0" time="62.781" timestamp="2020-09-26 16:31:13" hostname="VU HAI - LAPTOP-64BI5K2F" id="Test Suites/A001">
      <properties>
         <property name="deviceName" value=""/>
         <property name="devicePlatform" value=""/>
         <property name="logFolder" value="C:\\Users\\VU HAI\\Katalon Studio\\My First Web UI Project\\Reports\\20200926_163106\\A001\\20200926_163106"/>
         <property name="logFiles" value="C:\\Users\\VU HAI\\Katalon Studio\\My First Web UI Project\\Reports\\20200926_163106\\A001\\20200926_163106\\execution0.log"/>
         <property name="attachments" value=""/>
         <property name="hostName" value="VU HAI - LAPTOP-64BI5K2F"/>
         <property name="os" value="Windows 10 64bit"/>
         <property name="katalonVersion" value="7.7.1.205"/>
         <property name="browser" value="Chrome 85.0.4183.121"/>
         <property name="hostAddress" value="10.169.211.142"/>
         <property name="sessionId" value="559120aed7732ed91b15e7f9eaf588fa"/>
         <property name="seleniumVersion" value="3.141.59"/>
         <property name="proxyInformation" value="ProxyInformation { proxyOption=NO_PROXY, proxyServerType=HTTP, username=, password=********, proxyServerAddress=, proxyServerPort=0, executionList=&quot;&quot;, isApplyToDesiredCapabilities=true }"/>
         <property name="platform" value="Windows 10"/>
      </properties>
      <testcase name="Test Cases/TC_001" time="16.176" classname="Test Cases/TC_001" status="PASSED">
         <system-out><![CDATA[2020-09-26 16:31:14 - [TEST_CASE][PASSED] - Test Cases/TC_001: Test Cases/TC_001

2020-09-26 16:31:14 - [TEST_STEP][PASSED] - openBrowser(""): Browser is opened with url: ''

2020-09-26 16:31:14 - [MESSAGE][INFO] - Starting 'Chrome' driver

2020-09-26 16:31:14 - [MESSAGE][INFO] - Action delay is set to 0 milliseconds

2020-09-26 16:31:19 - [MESSAGE][PASSED] - Browser is opened with url: ''

2020-09-26 16:31:19 - [TEST_STEP][PASSED] - navigateToUrl("https://katalon-demo-cura.herokuapp.com/"): Navigate to 'https://katalon-demo-cura.herokuapp.com/' successfully

2020-09-26 16:31:24 - [MESSAGE][PASSED] - Navigate to 'https://katalon-demo-cura.herokuapp.com/' successfully

2020-09-26 16:31:24 - [TEST_STEP][PASSED] - click(findTestObject("Object Repository/Page_CURA Healthcare Service/a_Make Appointment")): Object: 'Object Repository/Page_CURA Healthcare Service/a_Make Appointment' is clicked on

2020-09-26 16:31:25 - [MESSAGE][PASSED] - Object: 'Object Repository/Page_CURA Healthcare Service/a_Make Appointment' is clicked on

2020-09-26 16:31:25 - [TEST_STEP][PASSED] - click(findTestObject("Object Repository/Page_CURA Healthcare Service/div_Demo account_input-group")): Object: 'Object Repository/Page_CURA Healthcare Service/div_Demo account_input-group' is clicked on

2020-09-26 16:31:25 - [MESSAGE][PASSED] - Object: 'Object Repository/Page_CURA Healthcare Service/div_Demo account_input-group' is clicked on

2020-09-26 16:31:25 - [TEST_STEP][PASSED] - setText(findTestObject("Object Repository/Page_CURA Healthcare Service/input_Username_username"), "John Doe"): Text 'John Doe' is set on object 'Object Repository/Page_CURA Healthcare Service/input_Username_username'

2020-09-26 16:31:26 - [MESSAGE][PASSED] - Text 'John Doe' is set on object 'Object Repository/Page_CURA Healthcare Service/input_Username_username'

2020-09-26 16:31:26 - [TEST_STEP][PASSED] - setEncryptedText(findTestObject("Object Repository/Page_CURA Healthcare Service/input_Password_password"), "g3/DOGG74jDGviK5rEyKDA=="): Text ****** has been set on object 'Object Repository/Page_CURA Healthcare Service/input_Password_password'

2020-09-26 16:31:27 - [MESSAGE][PASSED] - Text ****** has been set on object 'Object Repository/Page_CURA Healthcare Service/input_Password_password'

2020-09-26 16:31:27 - [TEST_STEP][PASSED] - doubleClick(findTestObject("Object Repository/Page_CURA Healthcare Service/input_Demo account_form-control")): Object: 'Object Repository/Page_CURA Healthcare Service/input_Demo account_form-control' is double clicked on

2020-09-26 16:31:28 - [MESSAGE][PASSED] - Object: 'Object Repository/Page_CURA Healthcare Service/input_Demo account_form-control' is double clicked on

2020-09-26 16:31:28 - [TEST_STEP][PASSED] - setEncryptedText(findTestObject("Object Repository/Page_CURA Healthcare Service/input_Password_password"), "g3/DOGG74jC3Flrr3yH+3D/yKbOqqUNM"): Text ****** has been set on object 'Object Repository/Page_CURA Healthcare Service/input_Password_password'

2020-09-26 16:31:28 - [MESSAGE][PASSED] - Text ****** has been set on object 'Object Repository/Page_CURA Healthcare Service/input_Password_password'

2020-09-26 16:31:28 - [TEST_STEP][PASSED] - click(findTestObject("Object Repository/Page_CURA Healthcare Service/button_Login")): Object: 'Object Repository/Page_CURA Healthcare Service/button_Login' is clicked on

2020-09-26 16:31:29 - [MESSAGE][PASSED] - Object: 'Object Repository/Page_CURA Healthcare Service/button_Login' is clicked on

2020-09-26 16:31:29 - [TEST_STEP][PASSED] - closeBrowser(): Browser is closed

2020-09-26 16:31:30 - [MESSAGE][PASSED] - Browser is closed]]></system-out>
         <system-err><![CDATA[]]></system-err>
      </testcase>
      <testcase name="Test Cases/TC_002" time="11.647" classname="Test Cases/TC_002" status="PASSED">
         <system-out><![CDATA[2020-09-26 16:31:30 - [TEST_CASE][PASSED] - Test Cases/TC_002: Test Cases/TC_002

2020-09-26 16:31:30 - [TEST_STEP][PASSED] - openBrowser(""): Browser is opened with url: ''

2020-09-26 16:31:30 - [MESSAGE][INFO] - Starting 'Chrome' driver

2020-09-26 16:31:30 - [MESSAGE][INFO] - Action delay is set to 0 milliseconds

2020-09-26 16:31:34 - [MESSAGE][PASSED] - Browser is opened with url: ''

2020-09-26 16:31:34 - [TEST_STEP][PASSED] - navigateToUrl("https://katalon-demo-cura.herokuapp.com/"): Navigate to 'https://katalon-demo-cura.herokuapp.com/' successfully

2020-09-26 16:31:38 - [MESSAGE][PASSED] - Navigate to 'https://katalon-demo-cura.herokuapp.com/' successfully

2020-09-26 16:31:38 - [TEST_STEP][PASSED] - click(findTestObject("Object Repository/Page_CURA Healthcare Service/a_Make Appointment")): Object: 'Object Repository/Page_CURA Healthcare Service/a_Make Appointment' is clicked on

2020-09-26 16:31:39 - [MESSAGE][PASSED] - Object: 'Object Repository/Page_CURA Healthcare Service/a_Make Appointment' is clicked on

2020-09-26 16:31:39 - [TEST_STEP][PASSED] - setText(findTestObject("Object Repository/Page_CURA Healthcare Service/input_Username_username"), "John Doe"): Text 'John Doe' is set on object 'Object Repository/Page_CURA Healthcare Service/input_Username_username'

2020-09-26 16:31:39 - [MESSAGE][PASSED] - Text 'John Doe' is set on object 'Object Repository/Page_CURA Healthcare Service/input_Username_username'

2020-09-26 16:31:39 - [TEST_STEP][PASSED] - setEncryptedText(findTestObject("Object Repository/Page_CURA Healthcare Service/input_Password_password"), "rAwgt+bMYCqJ2Lh1OZgEwQ=="): Text ****** has been set on object 'Object Repository/Page_CURA Healthcare Service/input_Password_password'

2020-09-26 16:31:40 - [MESSAGE][PASSED] - Text ****** has been set on object 'Object Repository/Page_CURA Healthcare Service/input_Password_password'

2020-09-26 16:31:40 - [TEST_STEP][PASSED] - click(findTestObject("Object Repository/Page_CURA Healthcare Service/button_Login")): Object: 'Object Repository/Page_CURA Healthcare Service/button_Login' is clicked on

2020-09-26 16:31:41 - [MESSAGE][PASSED] - Object: 'Object Repository/Page_CURA Healthcare Service/button_Login' is clicked on

2020-09-26 16:31:41 - [TEST_STEP][PASSED] - closeBrowser(): Browser is closed

2020-09-26 16:31:42 - [MESSAGE][PASSED] - Browser is closed]]></system-out>
         <system-err><![CDATA[]]></system-err>
      </testcase>
      <testcase name="Test Cases/TC_003" time="11.874" classname="Test Cases/TC_003" status="PASSED">
         <system-out><![CDATA[2020-09-26 16:31:42 - [TEST_CASE][PASSED] - Test Cases/TC_003: Test Cases/TC_003

2020-09-26 16:31:42 - [TEST_STEP][PASSED] - openBrowser(""): Browser is opened with url: ''

2020-09-26 16:31:42 - [MESSAGE][INFO] - Starting 'Chrome' driver

2020-09-26 16:31:42 - [MESSAGE][INFO] - Action delay is set to 0 milliseconds

2020-09-26 16:31:45 - [MESSAGE][PASSED] - Browser is opened with url: ''

2020-09-26 16:31:45 - [TEST_STEP][PASSED] - navigateToUrl("https://katalon-demo-cura.herokuapp.com/"): Navigate to 'https://katalon-demo-cura.herokuapp.com/' successfully

2020-09-26 16:31:49 - [MESSAGE][PASSED] - Navigate to 'https://katalon-demo-cura.herokuapp.com/' successfully

2020-09-26 16:31:49 - [TEST_STEP][PASSED] - click(findTestObject("Object Repository/Page_CURA Healthcare Service/a_Make Appointment")): Object: 'Object Repository/Page_CURA Healthcare Service/a_Make Appointment' is clicked on

2020-09-26 16:31:50 - [MESSAGE][PASSED] - Object: 'Object Repository/Page_CURA Healthcare Service/a_Make Appointment' is clicked on

2020-09-26 16:31:50 - [TEST_STEP][PASSED] - setText(findTestObject("Object Repository/Page_CURA Healthcare Service/input_Username_username"), "fukc"): Text 'fukc' is set on object 'Object Repository/Page_CURA Healthcare Service/input_Username_username'

2020-09-26 16:31:51 - [MESSAGE][PASSED] - Text 'fukc' is set on object 'Object Repository/Page_CURA Healthcare Service/input_Username_username'

2020-09-26 16:31:51 - [TEST_STEP][PASSED] - setEncryptedText(findTestObject("Object Repository/Page_CURA Healthcare Service/input_Password_password"), "g3/DOGG74jC3Flrr3yH+3D/yKbOqqUNM"): Text ****** has been set on object 'Object Repository/Page_CURA Healthcare Service/input_Password_password'

2020-09-26 16:31:52 - [MESSAGE][PASSED] - Text ****** has been set on object 'Object Repository/Page_CURA Healthcare Service/input_Password_password'

2020-09-26 16:31:52 - [TEST_STEP][PASSED] - click(findTestObject("Object Repository/Page_CURA Healthcare Service/button_Login")): Object: 'Object Repository/Page_CURA Healthcare Service/button_Login' is clicked on

2020-09-26 16:31:53 - [MESSAGE][PASSED] - Object: 'Object Repository/Page_CURA Healthcare Service/button_Login' is clicked on

2020-09-26 16:31:53 - [TEST_STEP][PASSED] - closeBrowser(): Browser is closed

2020-09-26 16:31:53 - [MESSAGE][PASSED] - Browser is closed]]></system-out>
         <system-err><![CDATA[]]></system-err>
      </testcase>
      <testcase name="Test Cases/TC_004" time="10.567" classname="Test Cases/TC_004" status="PASSED">
         <system-out><![CDATA[2020-09-26 16:31:53 - [TEST_CASE][PASSED] - Test Cases/TC_004: Test Cases/TC_004

2020-09-26 16:31:54 - [TEST_STEP][PASSED] - openBrowser(""): Browser is opened with url: ''

2020-09-26 16:31:54 - [MESSAGE][INFO] - Starting 'Chrome' driver

2020-09-26 16:31:54 - [MESSAGE][INFO] - Action delay is set to 0 milliseconds

2020-09-26 16:31:57 - [MESSAGE][PASSED] - Browser is opened with url: ''

2020-09-26 16:31:57 - [TEST_STEP][PASSED] - navigateToUrl("https://katalon-demo-cura.herokuapp.com/"): Navigate to 'https://katalon-demo-cura.herokuapp.com/' successfully

2020-09-26 16:32:01 - [MESSAGE][PASSED] - Navigate to 'https://katalon-demo-cura.herokuapp.com/' successfully

2020-09-26 16:32:01 - [TEST_STEP][PASSED] - click(findTestObject("Object Repository/Page_CURA Healthcare Service/a_Make Appointment")): Object: 'Object Repository/Page_CURA Healthcare Service/a_Make Appointment' is clicked on

2020-09-26 16:32:02 - [MESSAGE][PASSED] - Object: 'Object Repository/Page_CURA Healthcare Service/a_Make Appointment' is clicked on

2020-09-26 16:32:02 - [TEST_STEP][PASSED] - click(findTestObject("Object Repository/Page_CURA Healthcare Service/button_Login")): Object: 'Object Repository/Page_CURA Healthcare Service/button_Login' is clicked on

2020-09-26 16:32:03 - [MESSAGE][PASSED] - Object: 'Object Repository/Page_CURA Healthcare Service/button_Login' is clicked on

2020-09-26 16:32:03 - [TEST_STEP][PASSED] - closeBrowser(): Browser is closed

2020-09-26 16:32:04 - [MESSAGE][PASSED] - Browser is closed]]></system-out>
         <system-err><![CDATA[]]></system-err>
      </testcase>
      <testcase name="Test Cases/TC_005" time="11.985" classname="Test Cases/TC_005" status="PASSED">
         <system-out><![CDATA[2020-09-26 16:32:04 - [TEST_CASE][PASSED] - Test Cases/TC_005: Test Cases/TC_005

2020-09-26 16:32:04 - [TEST_STEP][PASSED] - openBrowser(""): Browser is opened with url: ''

2020-09-26 16:32:04 - [MESSAGE][INFO] - Starting 'Chrome' driver

2020-09-26 16:32:04 - [MESSAGE][INFO] - Action delay is set to 0 milliseconds

2020-09-26 16:32:08 - [MESSAGE][PASSED] - Browser is opened with url: ''

2020-09-26 16:32:08 - [TEST_STEP][PASSED] - navigateToUrl("https://katalon-demo-cura.herokuapp.com/"): Navigate to 'https://katalon-demo-cura.herokuapp.com/' successfully

2020-09-26 16:32:12 - [MESSAGE][PASSED] - Navigate to 'https://katalon-demo-cura.herokuapp.com/' successfully

2020-09-26 16:32:12 - [TEST_STEP][PASSED] - click(findTestObject("Object Repository/Page_CURA Healthcare Service/a_Make Appointment")): Object: 'Object Repository/Page_CURA Healthcare Service/a_Make Appointment' is clicked on

2020-09-26 16:32:13 - [MESSAGE][PASSED] - Object: 'Object Repository/Page_CURA Healthcare Service/a_Make Appointment' is clicked on

2020-09-26 16:32:13 - [TEST_STEP][PASSED] - setText(findTestObject("Object Repository/Page_CURA Healthcare Service/input_Username_username"), "a"): Text 'a' is set on object 'Object Repository/Page_CURA Healthcare Service/input_Username_username'

2020-09-26 16:32:13 - [MESSAGE][PASSED] - Text 'a' is set on object 'Object Repository/Page_CURA Healthcare Service/input_Username_username'

2020-09-26 16:32:13 - [TEST_STEP][PASSED] - click(findTestObject("Object Repository/Page_CURA Healthcare Service/form_Demo account                          _b80bac")): Object: 'Object Repository/Page_CURA Healthcare Service/form_Demo account                          _b80bac' is clicked on

2020-09-26 16:32:14 - [MESSAGE][PASSED] - Object: 'Object Repository/Page_CURA Healthcare Service/form_Demo account                          _b80bac' is clicked on

2020-09-26 16:32:14 - [TEST_STEP][PASSED] - setEncryptedText(findTestObject("Object Repository/Page_CURA Healthcare Service/input_Password_password"), "EcpTagbcnxM="): Text ****** has been set on object 'Object Repository/Page_CURA Healthcare Service/input_Password_password'

2020-09-26 16:32:14 - [MESSAGE][PASSED] - Text ****** has been set on object 'Object Repository/Page_CURA Healthcare Service/input_Password_password'

2020-09-26 16:32:14 - [TEST_STEP][PASSED] - click(findTestObject("Object Repository/Page_CURA Healthcare Service/button_Login")): Object: 'Object Repository/Page_CURA Healthcare Service/button_Login' is clicked on

2020-09-26 16:32:15 - [MESSAGE][PASSED] - Object: 'Object Repository/Page_CURA Healthcare Service/button_Login' is clicked on

2020-09-26 16:32:15 - [TEST_STEP][PASSED] - closeBrowser(): Browser is closed

2020-09-26 16:32:16 - [MESSAGE][PASSED] - Browser is closed]]></system-out>
         <system-err><![CDATA[]]></system-err>
      </testcase>
      <system-out><![CDATA[2020-09-26 16:31:13 - [TEST_SUITE][PASSED] - A001: Test Cases/TC_005]]></system-out>
      <system-err><![CDATA[]]></system-err>
   </testsuite>
</testsuites>
